<?xml version="1.0" encoding="UTF-8"?>
<robot generator="Robot 3.1.2 (Python 3.6.8 on win32)" generated="20191224 16:21:23.475" rpa="false">
<suite id="s1" name="TC2" source="C:\Users\rahul-shar\PycharmProjects\NewRobot\TestCase\TC2.robot">
<test id="s1-t1" name="InputBox">
<kw name="Open Browser" library="SeleniumLibrary">
<doc>Opens a new browser instance to the optional ``url``.</doc>
<arguments>
<arg>${URL}</arg>
<arg>${Browser}</arg>
</arguments>
<msg timestamp="20191224 16:21:25.425" level="INFO">Opening browser 'chrome' to base url 'https://portal-qa3web.examone.com/'.</msg>
<kw name="Capture Page Screenshot" library="SeleniumLibrary">
<doc>Takes a screenshot of the current page and embeds it into a log file.</doc>
<msg timestamp="20191224 16:22:36.179" level="INFO">Cannot capture screenshot because no browser is open.</msg>
<status status="PASS" starttime="20191224 16:22:36.179" endtime="20191224 16:22:36.179"></status>
</kw>
<msg timestamp="20191224 16:22:36.253" level="FAIL">SessionNotCreatedException: Message: session not created
from disconnected: received Inspector.detached event
  (Session info: chrome=79.0.3945.88)
</msg>
<status status="FAIL" starttime="20191224 16:21:25.424" endtime="20191224 16:22:36.253"></status>
</kw>
<status status="FAIL" starttime="20191224 16:21:25.423" endtime="20191224 16:22:36.254" critical="yes">SessionNotCreatedException: Message: session not created
from disconnected: received Inspector.detached event
  (Session info: chrome=79.0.3945.88)
</status>
</test>
<status status="FAIL" starttime="20191224 16:21:23.492" endtime="20191224 16:22:36.256"></status>
</suite>
<statistics>
<total>
<stat pass="0" fail="1">Critical Tests</stat>
<stat pass="0" fail="1">All Tests</stat>
</total>
<tag>
</tag>
<suite>
<stat pass="0" fail="1" id="s1" name="TC2">TC2</stat>
</suite>
</statistics>
<errors>
</errors>
</robot>
