<?xml version="1.0" encoding="UTF-8"?>
<robot generator="Robot 3.1.2 (Python 3.6.8 on win32)" generated="20200107 15:44:33.102" rpa="false">
<suite id="s1" name="TC14" source="C:\Users\rahul-shar\PycharmProjects\NewRobot\TestCase\TC14.robot">
<kw name="OpenApplication" library="datadriver_resources" type="setup">
<kw name="Open Browser" library="SeleniumLibrary">
<doc>Opens a new browser instance to the optional ``url``.</doc>
<arguments>
<arg>${URL}</arg>
<arg>${Browser}</arg>
</arguments>
<msg timestamp="20200107 15:44:38.634" level="INFO">Opening browser 'chrome' to base url 'https://portal-qa3web.examone.com/'.</msg>
<status status="PASS" starttime="20200107 15:44:38.634" endtime="20200107 15:45:16.709"></status>
</kw>
<kw name="Maximize Browser Window" library="SeleniumLibrary">
<doc>Maximizes current browser window.</doc>
<status status="PASS" starttime="20200107 15:45:16.709" endtime="20200107 15:45:17.840"></status>
</kw>
<status status="PASS" starttime="20200107 15:44:38.634" endtime="20200107 15:45:17.840"></status>
</kw>
<test id="s1-t1" name="DataDrivenTesting using actions">
<kw name="InvalidLogin">
<arguments>
<arg>${username}</arg>
<arg>${password}</arg>
</arguments>
<msg timestamp="20200107 15:45:17.843" level="FAIL">Variable '${username}' not found.</msg>
<status status="FAIL" starttime="20200107 15:45:17.842" endtime="20200107 15:45:17.843"></status>
</kw>
<status status="FAIL" starttime="20200107 15:45:17.841" endtime="20200107 15:45:17.843" critical="yes">Variable '${username}' not found.</status>
</test>
<kw name="CloseBrowser" library="datadriver_resources" type="teardown">
<kw name="CloseBrowser" library="datadriver_resources">
<kw name="CloseBrowser" library="datadriver_resources">
<kw name="CloseBrowser" library="datadriver_resources">
<kw name="CloseBrowser" library="datadriver_resources">
<kw name="CloseBrowser" library="datadriver_resources">
<kw name="CloseBrowser" library="datadriver_resources">
<kw name="CloseBrowser" library="datadriver_resources">
<kw name="CloseBrowser" library="datadriver_resources">
<kw name="CloseBrowser" library="datadriver_resources">
<kw name="CloseBrowser" library="datadriver_resources">
<kw name="CloseBrowser" library="datadriver_resources">
<kw name="CloseBrowser" library="datadriver_resources">
<kw name="CloseBrowser" library="datadriver_resources">
<kw name="CloseBrowser" library="datadriver_resources">
<kw name="CloseBrowser" library="datadriver_resources">
<kw name="CloseBrowser" library="datadriver_resources">
<kw name="CloseBrowser" library="datadriver_resources">
<kw name="CloseBrowser" library="datadriver_resources">
<kw name="CloseBrowser" library="datadriver_resources">
<kw name="CloseBrowser" library="datadriver_resources">
<kw name="CloseBrowser" library="datadriver_resources">
<kw name="CloseBrowser" library="datadriver_resources">
<kw name="CloseBrowser" library="datadriver_resources">
<kw name="CloseBrowser" library="datadriver_resources">
<kw name="CloseBrowser" library="datadriver_resources">
<kw name="CloseBrowser" library="datadriver_resources">
<kw name="CloseBrowser" library="datadriver_resources">
<kw name="CloseBrowser" library="datadriver_resources">
<kw name="CloseBrowser" library="datadriver_resources">
<kw name="CloseBrowser" library="datadriver_resources">
<kw name="CloseBrowser" library="datadriver_resources">
<kw name="CloseBrowser" library="datadriver_resources">
<kw name="CloseBrowser" library="datadriver_resources">
<kw name="CloseBrowser" library="datadriver_resources">
<kw name="CloseBrowser" library="datadriver_resources">
<kw name="CloseBrowser" library="datadriver_resources">
<kw name="CloseBrowser" library="datadriver_resources">
<kw name="CloseBrowser" library="datadriver_resources">
<kw name="CloseBrowser" library="datadriver_resources">
<kw name="CloseBrowser" library="datadriver_resources">
<kw name="CloseBrowser" library="datadriver_resources">
<msg timestamp="20200107 15:45:17.864" level="FAIL">Maximum limit of started keywords exceeded.</msg>
<status status="FAIL" starttime="20200107 15:45:17.863" endtime="20200107 15:45:17.864"></status>
</kw>
<status status="FAIL" starttime="20200107 15:45:17.863" endtime="20200107 15:45:17.864"></status>
</kw>
<status status="FAIL" starttime="20200107 15:45:17.862" endtime="20200107 15:45:17.865"></status>
</kw>
<status status="FAIL" starttime="20200107 15:45:17.861" endtime="20200107 15:45:17.865"></status>
</kw>
<status status="FAIL" starttime="20200107 15:45:17.860" endtime="20200107 15:45:17.865"></status>
</kw>
<status status="FAIL" starttime="20200107 15:45:17.859" endtime="20200107 15:45:17.865"></status>
</kw>
<status status="FAIL" starttime="20200107 15:45:17.859" endtime="20200107 15:45:17.865"></status>
</kw>
<status status="FAIL" starttime="20200107 15:45:17.859" endtime="20200107 15:45:17.866"></status>
</kw>
<status status="FAIL" starttime="20200107 15:45:17.858" endtime="20200107 15:45:17.866"></status>
</kw>
<status status="FAIL" starttime="20200107 15:45:17.858" endtime="20200107 15:45:17.866"></status>
</kw>
<status status="FAIL" starttime="20200107 15:45:17.858" endtime="20200107 15:45:17.866"></status>
</kw>
<status status="FAIL" starttime="20200107 15:45:17.858" endtime="20200107 15:45:17.866"></status>
</kw>
<status status="FAIL" starttime="20200107 15:45:17.858" endtime="20200107 15:45:17.866"></status>
</kw>
<status status="FAIL" starttime="20200107 15:45:17.857" endtime="20200107 15:45:17.866"></status>
</kw>
<status status="FAIL" starttime="20200107 15:45:17.857" endtime="20200107 15:45:17.866"></status>
</kw>
<status status="FAIL" starttime="20200107 15:45:17.857" endtime="20200107 15:45:17.866"></status>
</kw>
<status status="FAIL" starttime="20200107 15:45:17.857" endtime="20200107 15:45:17.866"></status>
</kw>
<status status="FAIL" starttime="20200107 15:45:17.857" endtime="20200107 15:45:17.866"></status>
</kw>
<status status="FAIL" starttime="20200107 15:45:17.856" endtime="20200107 15:45:17.867"></status>
</kw>
<status status="FAIL" starttime="20200107 15:45:17.856" endtime="20200107 15:45:17.867"></status>
</kw>
<status status="FAIL" starttime="20200107 15:45:17.856" endtime="20200107 15:45:17.867"></status>
</kw>
<status status="FAIL" starttime="20200107 15:45:17.856" endtime="20200107 15:45:17.867"></status>
</kw>
<status status="FAIL" starttime="20200107 15:45:17.856" endtime="20200107 15:45:17.867"></status>
</kw>
<status status="FAIL" starttime="20200107 15:45:17.856" endtime="20200107 15:45:17.867"></status>
</kw>
<status status="FAIL" starttime="20200107 15:45:17.855" endtime="20200107 15:45:17.867"></status>
</kw>
<status status="FAIL" starttime="20200107 15:45:17.855" endtime="20200107 15:45:17.867"></status>
</kw>
<status status="FAIL" starttime="20200107 15:45:17.855" endtime="20200107 15:45:17.867"></status>
</kw>
<status status="FAIL" starttime="20200107 15:45:17.855" endtime="20200107 15:45:17.867"></status>
</kw>
<status status="FAIL" starttime="20200107 15:45:17.854" endtime="20200107 15:45:17.867"></status>
</kw>
<status status="FAIL" starttime="20200107 15:45:17.854" endtime="20200107 15:45:17.868"></status>
</kw>
<status status="FAIL" starttime="20200107 15:45:17.853" endtime="20200107 15:45:17.868"></status>
</kw>
<status status="FAIL" starttime="20200107 15:45:17.852" endtime="20200107 15:45:17.868"></status>
</kw>
<status status="FAIL" starttime="20200107 15:45:17.851" endtime="20200107 15:45:17.868"></status>
</kw>
<status status="FAIL" starttime="20200107 15:45:17.851" endtime="20200107 15:45:17.868"></status>
</kw>
<status status="FAIL" starttime="20200107 15:45:17.850" endtime="20200107 15:45:17.868"></status>
</kw>
<status status="FAIL" starttime="20200107 15:45:17.848" endtime="20200107 15:45:17.868"></status>
</kw>
<status status="FAIL" starttime="20200107 15:45:17.847" endtime="20200107 15:45:17.868"></status>
</kw>
<status status="FAIL" starttime="20200107 15:45:17.847" endtime="20200107 15:45:17.868"></status>
</kw>
<status status="FAIL" starttime="20200107 15:45:17.847" endtime="20200107 15:45:17.868"></status>
</kw>
<status status="FAIL" starttime="20200107 15:45:17.847" endtime="20200107 15:45:17.869"></status>
</kw>
<status status="FAIL" starttime="20200107 15:45:17.846" endtime="20200107 15:45:17.869"></status>
</kw>
<status status="FAIL" starttime="20200107 15:45:17.846" endtime="20200107 15:45:17.869">Maximum limit of started keywords exceeded.</status>
</kw>
<status status="FAIL" starttime="20200107 15:44:33.118" endtime="20200107 15:45:17.869">Suite teardown failed:
Maximum limit of started keywords exceeded.</status>
</suite>
<statistics>
<total>
<stat pass="0" fail="1">Critical Tests</stat>
<stat pass="0" fail="1">All Tests</stat>
</total>
<tag>
</tag>
<suite>
<stat pass="0" fail="1" id="s1" name="TC14">TC14</stat>
</suite>
</statistics>
<errors>
<msg timestamp="20200107 15:44:38.493" level="ERROR">Calling method '_start_suite' of listener 'DataDriver' failed: ImportError: Requirements (pandas, numpy) for XLS support are not installed.
    Use 'pip install -U robotframework-datadriver[XLS]' to install XLS support.</msg>
</errors>
</robot>
